<?xml version="1.0" encoding="UTF-8"?>
<testng-results ignored="0" total="1" passed="1" failed="0" skipped="0">
  <reporter-output>
    <line>
      <![CDATA[cart validated]]>
    </line>
    <line>
      <![CDATA[Order summary is successfully validated]]>
    </line>
    <line>
      <![CDATA[THANK YOU FOR YOUR ORDER]]>
    </line>
  </reporter-output>
  <suite started-at="2025-10-23T10:34:40 IST" name="Default suite" finished-at="2025-10-23T10:34:50 IST" duration-ms="9593">
    <groups>
    </groups>
    <test started-at="2025-10-23T10:34:40 IST" name="Default test" finished-at="2025-10-23T10:34:50 IST" duration-ms="9593">
      <class name="Assignment.Saucelabs.EndToEndScenarios">
        <test-method is-config="true" signature="openBrowser()[pri:0, instance:Assignment.Saucelabs.EndToEndScenarios@15de0b3c]" started-at="2025-10-23T10:34:40 IST" name="openBrowser" finished-at="2025-10-23T10:34:43 IST" duration-ms="3111" status="PASS">
          <reporter-output>
          </reporter-output>
        </test-method> <!-- openBrowser -->
        <test-method is-config="true" signature="login()[pri:0, instance:Assignment.Saucelabs.EndToEndScenarios@15de0b3c]" started-at="2025-10-23T10:34:43 IST" name="login" finished-at="2025-10-23T10:34:46 IST" duration-ms="2995" status="PASS">
          <reporter-output>
          </reporter-output>
        </test-method> <!-- login -->
        <test-method signature="endtoend()[pri:0, instance:Assignment.Saucelabs.EndToEndScenarios@15de0b3c]" started-at="2025-10-23T10:34:46 IST" name="endtoend" finished-at="2025-10-23T10:34:49 IST" duration-ms="2520" status="PASS">
          <reporter-output>
            <line>
              <![CDATA[cart validated]]>
            </line>
            <line>
              <![CDATA[Order summary is successfully validated]]>
            </line>
            <line>
              <![CDATA[THANK YOU FOR YOUR ORDER]]>
            </line>
          </reporter-output>
        </test-method> <!-- endtoend -->
        <test-method is-config="true" signature="logout()[pri:0, instance:Assignment.Saucelabs.EndToEndScenarios@15de0b3c]" started-at="2025-10-23T10:34:49 IST" name="logout" finished-at="2025-10-23T10:34:49 IST" duration-ms="434" status="PASS">
          <reporter-output>
          </reporter-output>
        </test-method> <!-- logout -->
        <test-method is-config="true" signature="closeBrowser()[pri:0, instance:Assignment.Saucelabs.EndToEndScenarios@15de0b3c]" started-at="2025-10-23T10:34:49 IST" name="closeBrowser" finished-at="2025-10-23T10:34:50 IST" duration-ms="470" status="PASS">
          <reporter-output>
          </reporter-output>
        </test-method> <!-- closeBrowser -->
      </class> <!-- Assignment.Saucelabs.EndToEndScenarios -->
    </test> <!-- Default test -->
  </suite> <!-- Default suite -->
</testng-results>
